Error: ENOENT: no such file or directory, stat '/home/william/Code/Python/bod/ResourceDiscovery/main.py.fcd4bb0c749ece5a0ba002f86c1ce4e4.tmp'
    at statSync (node:fs:1536:3)
    at Object.e.statSync (node:electron/js2c/asar_bundle:5:4527)
    at Object.statSync (/home/william/.vscode/extensions/qiu8310.dot-template-vscode-0.3.0/node_modules/graceful-fs/polyfills.js:308:16)
    at /home/william/.vscode/extensions/qiu8310.dot-template-vscode-0.3.0/node_modules/dot-template-core/out/core/Application.js:94:48
    at Array.forEach (<anonymous>)
    at Application.<anonymous> (/home/william/.vscode/extensions/qiu8310.dot-template-vscode-0.3.0/node_modules/dot-template-core/out/core/Application.js:91:34)
    at step (/home/william/.vscode/extensions/qiu8310.dot-template-vscode-0.3.0/node_modules/dot-template-core/node_modules/tslib/tslib.js:133:27)
    at Object.next (/home/william/.vscode/extensions/qiu8310.dot-template-vscode-0.3.0/node_modules/dot-template-core/node_modules/tslib/tslib.js:114:57)
    at /home/william/.vscode/extensions/qiu8310.dot-template-vscode-0.3.0/node_modules/dot-template-core/node_modules/tslib/tslib.js:107:75
    at new Promise (<anonymous>)
    at Object.__awaiter (/home/william/.vscode/extensions/qiu8310.dot-template-vscode-0.3.0/node_modules/dot-template-core/node_modules/tslib/tslib.js:103:16)
    at run (/home/william/.vscode/extensions/qiu8310.dot-template-vscode-0.3.0/node_modules/dot-template-core/out/core/Application.js:84:48)
    at Application.<anonymous> (/home/william/.vscode/extensions/qiu8310.dot-template-vscode-0.3.0/node_modules/dot-template-core/out/core/Application.js:153:50)
    at step (/home/william/.vscode/extensions/qiu8310.dot-template-vscode-0.3.0/node_modules/dot-template-core/node_modules/tslib/tslib.js:133:27)
    at Object.next (/home/william/.vscode/extensions/qiu8310.dot-template-vscode-0.3.0/node_modules/dot-template-core/node_modules/tslib/tslib.js:114:57)
    at /home/william/.vscode/extensions/qiu8310.dot-template-vscode-0.3.0/node_modules/dot-template-core/node_modules/tslib/tslib.js:107:75
    at new Promise (<anonymous>)
    at Object.__awaiter (/home/william/.vscode/extensions/qiu8310.dot-template-vscode-0.3.0/node_modules/dot-template-core/node_modules/tslib/tslib.js:103:16)
    at Timeout._onTimeout (/home/william/.vscode/extensions/qiu8310.dot-template-vscode-0.3.0/node_modules/dot-template-core/out/core/Application.js:144:59)
    at listOnTimeout (node:internal/timers:557:17)
    at processTimers (node:internal/timers:500:7)