make all --print-data-base --no-builtin-variables --no-builtin-rules --question
make: *** No rule to make target 'all'.  Stop.

# GNU Make 4.2.1
# Built for x86_64-pc-linux-gnu
# Copyright (C) 1988-2016 Free Software Foundation, Inc.
# License GPLv3+: GNU GPL version 3 or later <http://gnu.org/licenses/gpl.html>
# This is free software: you are free to change and redistribute it.
# There is NO WARRANTY, to the extent permitted by law.

# Make data base, printed on Thu May 26 17:32:35 2022

# Variables

# automatic
<D = $(patsubst %/,%,$(dir $<))
# automatic
?F = $(notdir $?)
# environment
DESKTOP_SESSION = mate
# default
.SHELLFLAGS := -c
# environment
XDG_SESSION_CLASS = user
# environment
XDG_SESSION_TYPE = x11
# environment
VSCODE_LOG_NATIVE = false
# environment
GTK3_MODULES = xapp-gtk3-module
# automatic
?D = $(patsubst %/,%,$(dir $?))
# environment
GRADLE_HOME = /home/william/.sdkman/candidates/gradle/current
# automatic
@D = $(patsubst %/,%,$(dir $@))
# environment
XAUTHORITY = /home/william/.Xauthority
# environment
GDMSESSION = mate
# environment
XMODIFIERS = @im=ibus
# makefile
CURDIR := /home/william/Code/Python/bod
# makefile
SHELL = /bin/sh
# environment
GDM_LANG = en_GB
# environment
VSCODE_NLS_CONFIG = {"locale":"en-gb","availableLanguages":{},"_languagePackSupport":true}
# environment
_ = /usr/share/code/code
# environment
QT_AUTO_SCREEN_SCALE_FACTOR = 0
# environment
JOURNAL_STREAM = 9:45806
# environment
XDG_CONFIG_DIRS = /etc/xdg/xdg-mate:/etc/xdg
# environment
GTK_OVERLAY_SCROLLING = 0
# makefile
MAKEFILE_LIST := 
# automatic
@F = $(notdir $@)
# environment
GIO_LAUNCHED_DESKTOP_FILE = /usr/share/applications/code.desktop
# 'override' directive
GNUMAKEFLAGS := 
# environment
MAKELEVEL := 0
# environment
MANDATORY_PATH = /usr/share/gconf/mate.mandatory.path
# environment
XDG_DATA_DIRS = /usr/share/mate:/home/william/.local/share/flatpak/exports/share:/var/lib/flatpak/exports/share:/usr/local/share:/usr/share:/var/lib/snapd/desktop
# environment
DBUS_SESSION_BUS_ADDRESS = unix:path=/run/user/1000/bus,guid=1cb6a5ea2ee59fc58e4822e5628f232c
# environment
VSCODE_VERBOSE_LOGGING = true
# environment
QT_SCALE_FACTOR = 1
# environment
INFOPATH = /home/linuxbrew/.linuxbrew/share/info:/home/linuxbrew/.linuxbrew/share/info:
# environment
MANAGERPID = 3081
# environment
N64_INST = /home/william/Projects/n64/mips64-toolchain
# environment
CLUTTER_IM_MODULE = ibus
# environment
LESSOPEN = | /usr/bin/lesspipe %s
# environment
VSCODE_CWD = /home/william
# environment
XDG_SESSION_PATH = /org/freedesktop/DisplayManager/Session0
# default
MAKE_HOST := x86_64-pc-linux-gnu
# environment
PATH = /home/linuxbrew/.linuxbrew/bin:/home/linuxbrew/.linuxbrew/sbin:/home/william/.local/bin:/home/william/.sdkman/candidates/gradle/current/bin:/home/linuxbrew/.linuxbrew/bin:/home/linuxbrew/.linuxbrew/sbin:/home/william/.cargo/bin:/home/william/.local/bin:/usr/local/sbin:/usr/local/bin:/usr/sbin:/usr/bin:/sbin:/bin:/usr/games:/usr/local/games:/snap/bin
# environment
GPG_AGENT_INFO = /run/user/1000/gnupg/S.gpg-agent:0:1
# environment
SESSION_MANAGER = local/william-pc:@/tmp/.ICE-unix/3107,unix/william-pc:/tmp/.ICE-unix/3107
# environment
XDG_RUNTIME_DIR = /run/user/1000
# environment
SDKMAN_DIR = /home/william/.sdkman
# environment
SDKMAN_CANDIDATES_API = https://api.sdkman.io/2
# environment
SDKMAN_PLATFORM = linuxx64
# environment
VSCODE_LOG_STACK = false
# environment
ELECTRON_RUN_AS_NODE = 1
# environment
INVOCATION_ID = 07a2fdeb68fd4959a4a95cf2a80516d2
# default
.FEATURES := target-specific order-only second-expansion else-if shortest-stem undefine oneshell archives jobserver output-sync check-symlink load
# environment
XDG_GREETER_DATA_DIR = /var/lib/lightdm-data/william
# environment
LS_COLORS = 
# environment
XDG_SESSION_DESKTOP = mate
# environment
SSH_AUTH_SOCK = /run/user/1000/keyring/ssh
# environment
GIO_LAUNCHED_DESKTOP_FILE_PID = 5730
# automatic
%F = $(notdir $%)
# environment
DISPLAY = :0
# environment
GTK_IM_MODULE = ibus
# environment
VSCODE_PIPE_LOGGING = true
# environment
PWD = /home/william/Code/Python/bod
# environment
QT_QPA_PLATFORMTHEME = qt5ct
# default
.LOADED := 
# environment
XDG_SEAT = seat0
# environment
SSH_AGENT_PID = 3200
# environment
ORIGINAL_XDG_CURRENT_DESKTOP = MATE
# environment
GTK_MODULES = gail:atk-bridge
# environment
MANPATH = /home/linuxbrew/.linuxbrew/share/man:/home/linuxbrew/.linuxbrew/share/man::
# environment
VSCODE_AMD_ENTRYPOINT = vs/workbench/api/node/extensionHostProcess
# environment
HOME = /home/william
# environment
POWERLINE_COMMAND = oh-my-posh
# environment
HOMEBREW_CELLAR = /home/linuxbrew/.linuxbrew/Cellar
# environment
VSCODE_CODE_CACHE_PATH = /home/william/.config/Code/CachedData/da15b6fd3ef856477bf6f4fb29ba1b7af717770d
# environment
LOGNAME = william
# environment
APPLICATION_INSIGHTS_NO_DIAGNOSTIC_CHANNEL = 1
# environment
CONDA_PROMPT_MODIFIER = false
# environment
LESSCLOSE = /usr/bin/lesspipe %s %s
# environment
VSCODE_HANDLES_UNCAUGHT_ERRORS = true
# default
MAKE_VERSION := 4.2.1
# automatic
^D = $(patsubst %/,%,$(dir $^))
# environment
XDG_VTNR = 7
# environment
CLUTTER_BACKEND = x11
# environment
KICAD_PATH = /usr/share/kicad
# environment
SDKMAN_VERSION = 5.13.1
# default
MAKE = $(MAKE_COMMAND)
# default
MAKECMDGOALS := all
# environment
QT_IM_MODULE = ibus
# environment
SHLVL = 1
# environment
POSH_THEME = /home/william/.poshthemes/aliens.omp.json
# environment
IM_CONFIG_PHASE = 1
# environment
VSCODE_IPC_HOOK_EXTHOST = /run/user/1000/vscode-ipc-8e89ed50-7082-4c09-955e-d529d02e6645.sock
# environment
COMPIZ_CONFIG_PROFILE = mint
# environment
XDG_SESSION_ID = c2
# environment
USER = william
# makefile
.DEFAULT_GOAL := 
# environment
XDG_CURRENT_DESKTOP = MATE
# automatic
%D = $(patsubst %/,%,$(dir $%))
# default
MAKE_COMMAND := make
# default
.VARIABLES := 
# automatic
*F = $(notdir $*)
# environment
LANGUAGE = en_GB:en
# environment
XDG_SEAT_PATH = /org/freedesktop/DisplayManager/Seat0
# environment
VSCODE_IPC_HOOK = /run/user/1000/vscode-6973e6c4-1.67.1-main.sock
# makefile
MAKEFLAGS = pqrR
# environment
MFLAGS = -pqrR
# automatic
*D = $(patsubst %/,%,$(dir $*))
# environment
HOMEBREW_PREFIX = /home/linuxbrew/.linuxbrew
# automatic
+D = $(patsubst %/,%,$(dir $+))
# environment
GDK_BACKEND = x11
# automatic
+F = $(notdir $+)
# environment
HOMEBREW_REPOSITORY = /home/linuxbrew/.linuxbrew/Homebrew
# environment
QT_ACCESSIBILITY = 1
# environment
DEFAULTS_PATH = /usr/share/gconf/mate.default.path
# default
MAKEFILES := 
# automatic
<F = $(notdir $<)
# environment
SDKMAN_CANDIDATES_DIR = /home/william/.sdkman/candidates
# environment
LC_ALL = C
# environment
DBUS_STARTER_BUS_TYPE = session
# environment
QT4_IM_MODULE = ibus
# automatic
^F = $(notdir $^)
# default
SUFFIXES := 
# environment
KIGITHUB = https://github.com/KiCad
# environment
CHROME_DESKTOP = code-url-handler.desktop
# environment
MATE_DESKTOP_SESSION_ID = this-is-deprecated
# default
.INCLUDE_DIRS = /usr/include /usr/local/include /usr/include
# default
.RECIPEPREFIX := 
# environment
LANG = C
# environment
VSCODE_PID = 5730
# environment
DBUS_STARTER_ADDRESS = unix:path=/run/user/1000/bus,guid=1cb6a5ea2ee59fc58e4822e5628f232c
# variable set hash-table stats:
# Load=130/1024=13%, Rehash=0, Collisions=14/152=9%

# Pattern-specific Variable Values

# No pattern-specific variable values.

# Directories
 

# . (device 2050, inode 153034899): 22 files, no impossibilities.

# 22 files, no impossibilities in 1 directories.

# Implicit Rules

# No implicit rules.

# Files

# Not a target:
all:
#  Command line target.
#  Implicit rule search has been done.
#  File does not exist.
#  File has not been updated.

# Not a target:
Makefile:
#  Implicit rule search has been done.
#  File does not exist.
#  File has been updated.
#  Failed to be updated.

# Not a target:
makefile:
#  Implicit rule search has been done.
#  File does not exist.
#  File has been updated.
#  Failed to be updated.

# Not a target:
.DEFAULT:
#  Implicit rule search has not been done.
#  Modification time never checked.
#  File has not been updated.

# Not a target:
GNUmakefile:
#  Implicit rule search has been done.
#  File does not exist.
#  File has been updated.
#  Failed to be updated.

# files hash-table stats:
# Load=6/1024=1%, Rehash=0, Collisions=0/15=0%
# VPATH Search Paths

# No 'vpath' search paths.

# No general ('VPATH' variable) search path.

# strcache buffers: 1 (0) / strings = 30 / storage = 374 B / avg = 12 B
# current buf: size = 8162 B / used = 374 B / count = 30 / avg = 12 B

# strcache performance: lookups = 33 / hit rate = 9%
# hash-table stats:
# Load=30/8192=0%, Rehash=0, Collisions=1/33=3%
# Finished Make data base on Thu May 26 17:32:35 2022

 
